server up and running at 2053 port
Room cannot found: undefined
Room cannot found: undefined
Room cannot found: undefined
Room cannot found: undefined
Room cannot found: undefined
Room cannot found: undefined
Room cannot found: undefined
Room cannot found: undefined
Room cannot found: undefined
Room cannot found: undefined
Room cannot found: undefined
Room cannot found: undefined
Room cannot found: undefined
Room cannot found: undefined
Room cannot found: undefined
Room cannot found: undefined
Room cannot found: undefined
Room cannot found: undefined
Room cannot found: undefined
Room cannot found: undefined
Room cannot found: undefined
Room cannot found: undefined
Room cannot found: undefined
Room cannot found: undefined
Room cannot found: undefined
Room cannot found: undefined
Room cannot found: undefined
Room cannot found: undefined
Room cannot found: undefined
Room cannot found: undefined
Room cannot found: undefined
Room cannot found: undefined
Room cannot found: undefined
Room cannot found: undefined
Room cannot found: undefined
Room cannot found: undefined
Room cannot found: undefined
Room cannot found: undefined
Room cannot found: undefined
Room cannot found: undefined
Room cannot found: undefined
Room cannot found: undefined
Room cannot found: undefined
Room cannot found: undefined
Room cannot found: undefined
Room cannot found: undefined
Room cannot found: undefined
Room cannot found: undefined
Room cannot found: undefined
Room cannot found: undefined
Room cannot found: undefined
Room cannot found: undefined
Room cannot found: undefined
Room cannot found: undefined
Room cannot found: undefined
Room cannot found: undefined
Room cannot found: undefined
Room cannot found: undefined
Room cannot found: undefined
Room cannot found: undefined
Room cannot found: undefined
Room cannot found: undefined
Room cannot found: undefined
Room cannot found: undefined
Room cannot found: undefined
Room cannot found: undefined
Room cannot found: undefined
Room cannot found: undefined
Room cannot found: undefined
Room cannot found: undefined
Room cannot found: undefined
Room cannot found: undefined
Room cannot found: undefined
Room cannot found: undefined
Room cannot found: undefined
Room cannot found: undefined
Room cannot found: undefined
Room cannot found: undefined
Room cannot found: undefined
Room cannot found: undefined
Room cannot found: undefined
Room cannot found: undefined
Room cannot found: undefined
Room cannot found: undefined
Room cannot found: undefined
Room cannot found: undefined
Room cannot found: undefined
Room cannot found: undefined
Room cannot found: undefined
Room cannot found: undefined
Room cannot found: undefined
Room cannot found: undefined
Room cannot found: undefined
Room cannot found: undefined
Room cannot found: undefined
Room cannot found: undefined
Room cannot found: undefined
Room cannot found: undefined
Room cannot found: undefined
Room cannot found: undefined
Room cannot found: undefined
Room cannot found: undefined
Room cannot found: undefined
Room cannot found: undefined
Room cannot found: undefined
Room cannot found: undefined
Room cannot found: undefined
Room cannot found: undefined
Room cannot found: undefined
Room cannot found: undefined
Room cannot found: undefined
Room cannot found: undefined
Room cannot found: undefined
Room cannot found: undefined
Room cannot found: undefined
Room cannot found: undefined
Room cannot found: undefined
Room cannot found: undefined
Room cannot found: undefined
Room cannot found: undefined
Room cannot found: undefined
Room cannot found: undefined
Room cannot found: undefined
Room cannot found: undefined
Room cannot found: undefined
Room cannot found: undefined
Room cannot found: undefined
Room cannot found: undefined
Room cannot found: undefined
Room cannot found: undefined
Room cannot found: undefined
Room cannot found: undefined
Room cannot found: undefined
Room cannot found: undefined
Room cannot found: undefined
Room cannot found: undefined
Room cannot found: undefined
Room cannot found: undefined
Room cannot found: undefined
Room cannot found: undefined
Room cannot found: undefined
Room cannot found: undefined
Room cannot found: undefined
Room cannot found: undefined
Room cannot found: undefined
Room cannot found: undefined
Room cannot found: undefined
Room cannot found: undefined
Room cannot found: undefined
Room cannot found: undefined
Room cannot found: undefined
Room cannot found: undefined
Room cannot found: undefined
Room cannot found: undefined
Room cannot found: undefined
Room cannot found: undefined
Room cannot found: undefined
Room cannot found: undefined
Room cannot found: undefined
Room cannot found: undefined
Room cannot found: undefined
Room cannot found: undefined
Room cannot found: undefined
Room cannot found: undefined
Room cannot found: undefined
Room cannot found: undefined
Room cannot found: undefined
Room cannot found: undefined
Room cannot found: undefined
Room cannot found: undefined
Room cannot found: undefined
Room cannot found: undefined
Room cannot found: undefined
Room cannot found: undefined
Room cannot found: undefined
Room cannot found: undefined
Room cannot found: undefined
Room cannot found: undefined
Room cannot found: undefined
Room cannot found: undefined
Room cannot found: undefined
Room cannot found: undefined
Room cannot found: undefined
Room cannot found: undefined
Room cannot found: undefined
Room cannot found: undefined
Room cannot found: undefined
Room cannot found: undefined
Room cannot found: undefined
Room cannot found: undefined
Room cannot found: undefined
Room cannot found: undefined
Room cannot found: undefined
Room cannot found: undefined
Room cannot found: undefined
Room cannot found: undefined
Room cannot found: undefined
Room cannot found: undefined
Room cannot found: undefined
Room cannot found: undefined
Room cannot found: undefined
Room cannot found: undefined
Room cannot found: undefined
Room cannot found: undefined
Room cannot found: undefined
Room cannot found: undefined
Room cannot found: undefined
Room cannot found: undefined
Room cannot found: undefined
Room cannot found: undefined
Room cannot found: undefined
Room cannot found: undefined
Room cannot found: undefined
Room cannot found: undefined
Room cannot found: undefined
Room cannot found: undefined
Room cannot found: undefined
Room cannot found: undefined
Room cannot found: undefined
Room cannot found: undefined
Room cannot found: undefined
Room cannot found: undefined
Room cannot found: undefined
Room cannot found: undefined
Room cannot found: undefined
Room cannot found: undefined
Room cannot found: undefined
Room cannot found: undefined
Room cannot found: undefined
Room cannot found: undefined
Room cannot found: undefined
Room cannot found: undefined
Room cannot found: undefined
Room cannot found: undefined
Room cannot found: undefined
Room cannot found: undefined
Room cannot found: undefined
Room cannot found: undefined
Room cannot found: undefined
Room cannot found: undefined
Room cannot found: undefined
Room cannot found: undefined
Room cannot found: undefined
Room cannot found: undefined
Room cannot found: undefined
Room cannot found: undefined
Room cannot found: undefined
Room cannot found: undefined
Room cannot found: undefined
Room cannot found: undefined
Room cannot found: undefined
Room cannot found: undefined
Room cannot found: undefined
Room cannot found: undefined
Room cannot found: undefined
Room cannot found: undefined
Room cannot found: undefined
Room cannot found: undefined
Room cannot found: undefined
Room cannot found: undefined
Room cannot found: undefined
Room cannot found: undefined
Room cannot found: undefined
Room cannot found: undefined
Room cannot found: undefined
Room cannot found: undefined
Room cannot found: undefined
Room cannot found: undefined
Room cannot found: undefined
Room cannot found: undefined
Room cannot found: undefined
Room cannot found: undefined
Room cannot found: undefined
Room cannot found: undefined
Room cannot found: undefined
Room cannot found: undefined
Room cannot found: undefined
Room cannot found: undefined
Room cannot found: undefined
Room cannot found: undefined
Room cannot found: undefined
Room cannot found: undefined
Room cannot found: undefined
Room cannot found: undefined
Room cannot found: undefined
Room cannot found: undefined
Room cannot found: undefined
Room cannot found: undefined
Room cannot found: undefined
Room cannot found: undefined
Room cannot found: undefined
Room cannot found: undefined
Room cannot found: undefined
Room cannot found: undefined
Room cannot found: undefined
Room cannot found: undefined
Room cannot found: undefined
Room cannot found: undefined
Room cannot found: undefined
Room cannot found: undefined
Room cannot found: undefined
Room cannot found: undefined
Room cannot found: undefined
Room cannot found: undefined
Room cannot found: undefined
Room cannot found: undefined
Room cannot found: undefined
Room cannot found: undefined
Room cannot found: undefined
Room cannot found: undefined
Room cannot found: undefined
Room cannot found: undefined
Room cannot found: undefined
Room cannot found: undefined
Room cannot found: undefined
Room cannot found: undefined
Room cannot found: undefined
Room cannot found: undefined
Room cannot found: undefined
Room cannot found: undefined
Room cannot found: undefined
Room cannot found: undefined
Room cannot found: undefined
Room cannot found: undefined
Room cannot found: undefined
Room cannot found: undefined
Room cannot found: undefined
Room cannot found: undefined
Room cannot found: undefined
Room cannot found: undefined
Room cannot found: undefined
Room cannot found: undefined
Room cannot found: undefined
Room cannot found: undefined
Room cannot found: undefined
Room cannot found: undefined
Room cannot found: undefined
Room cannot found: undefined
Room cannot found: undefined
Room cannot found: undefined
Room cannot found: undefined
Room cannot found: undefined
Room cannot found: undefined
Room cannot found: undefined
Room cannot found: undefined
Room cannot found: undefined
Room cannot found: undefined
Room cannot found: undefined
Room cannot found: undefined
Room cannot found: undefined
Room cannot found: undefined
Room cannot found: undefined
Room cannot found: undefined
Room cannot found: undefined
Room cannot found: undefined
Room cannot found: undefined
Room cannot found: undefined
Room cannot found: undefined
Room cannot found: undefined
Room cannot found: undefined
Room cannot found: undefined
Room cannot found: undefined
Room cannot found: undefined
Room cannot found: undefined
Room cannot found: undefined
Room cannot found: undefined
Room cannot found: undefined
Room cannot found: undefined
Room cannot found: undefined
Room cannot found: undefined
Room cannot found: undefined
Room cannot found: undefined
Room cannot found: undefined
Room cannot found: undefined
Room cannot found: undefined
Room cannot found: undefined
Room cannot found: undefined
Room cannot found: undefined
Room cannot found: undefined
Room cannot found: undefined
Room cannot found: undefined
Room cannot found: undefined
Room cannot found: undefined
Room cannot found: undefined
Room cannot found: undefined
Room cannot found: undefined
Room cannot found: undefined
Room cannot found: undefined
Room cannot found: undefined
Room cannot found: undefined
Room cannot found: undefined
Room cannot found: undefined
Room cannot found: undefined
Room cannot found: undefined
Room cannot found: undefined
Room cannot found: undefined
Room cannot found: undefined
Room cannot found: undefined
Room cannot found: undefined
Room cannot found: undefined
Room cannot found: undefined
Room cannot found: undefined
Room cannot found: undefined
Room cannot found: undefined
Room cannot found: undefined
Room cannot found: undefined
Room cannot found: undefined
Room cannot found: undefined
Room cannot found: undefined
Room cannot found: undefined
Room cannot found: undefined
Room cannot found: undefined
Room cannot found: undefined
Room cannot found: undefined
Room cannot found: undefined
Room cannot found: undefined
Room cannot found: undefined
Room cannot found: undefined
Room cannot found: undefined
Room cannot found: undefined
Room cannot found: undefined
Room cannot found: undefined
Room cannot found: undefined
Room cannot found: undefined
Room cannot found: undefined
Room cannot found: undefined
Room cannot found: undefined
Room cannot found: undefined
Room cannot found: undefined
Room cannot found: undefined
Room cannot found: undefined
Room cannot found: undefined
Room cannot found: undefined
Room cannot found: undefined
Room cannot found: undefined
Room cannot found: undefined
Room cannot found: undefined
Room cannot found: undefined
Room cannot found: undefined
Room cannot found: undefined
Room cannot found: undefined
Room cannot found: undefined
Room cannot found: undefined
Room cannot found: undefined
Room cannot found: undefined
Room cannot found: undefined
Room cannot found: undefined
Room cannot found: undefined
Room cannot found: undefined
Room cannot found: undefined
Room cannot found: undefined
Room cannot found: undefined
Room cannot found: undefined
Room cannot found: undefined
Room cannot found: undefined
Room cannot found: undefined
Room cannot found: undefined
Room cannot found: undefined
Room cannot found: undefined
Room cannot found: undefined
Room cannot found: undefined
Room cannot found: undefined
Room cannot found: undefined
Room cannot found: undefined
Room cannot found: undefined
Room cannot found: undefined
Room cannot found: undefined
Room cannot found: undefined
Room cannot found: undefined
Room cannot found: undefined
Room cannot found: undefined
Room cannot found: undefined
Room cannot found: undefined
Room cannot found: undefined
Room cannot found: undefined
Room cannot found: undefined
Room cannot found: undefined
Room cannot found: undefined
Room cannot found: undefined
Room cannot found: undefined
Room cannot found: undefined
Room cannot found: undefined
Room cannot found: undefined
Room cannot found: undefined
Room cannot found: undefined
Room cannot found: undefined
Room cannot found: undefined
Room cannot found: undefined
Room cannot found: undefined
Room cannot found: undefined
Room cannot found: undefined
Room cannot found: undefined
Room cannot found: undefined
Room cannot found: undefined
Room cannot found: undefined
Room cannot found: undefined
Room cannot found: undefined
Room cannot found: undefined
Room cannot found: undefined
Room cannot found: undefined
Room cannot found: undefined
Room cannot found: undefined
Room cannot found: undefined
Room cannot found: undefined
Room cannot found: undefined
Room cannot found: undefined
Room cannot found: undefined
Room cannot found: undefined
Room cannot found: undefined
Room cannot found: undefined
Room cannot found: undefined
Room cannot found: undefined
Room cannot found: undefined
Room cannot found: undefined
Room cannot found: undefined
Room cannot found: undefined
Room cannot found: undefined
Room cannot found: undefined
Room cannot found: undefined
Room cannot found: undefined
Room cannot found: undefined
Room cannot found: undefined
Room cannot found: undefined
Room cannot found: undefined
Room cannot found: undefined
Room cannot found: undefined
Room cannot found: undefined
Room cannot found: undefined
Room cannot found: undefined
Room cannot found: undefined
Room cannot found: undefined
Room cannot found: undefined
Room cannot found: undefined
Room cannot found: undefined
Room cannot found: undefined
Room cannot found: undefined
Room cannot found: undefined
Room cannot found: undefined
Room cannot found: undefined
Room cannot found: undefined
Room cannot found: undefined
Room cannot found: undefined
Room cannot found: undefined
Room cannot found: undefined
Room cannot found: undefined
Room cannot found: undefined
Room cannot found: undefined
Room cannot found: undefined
Room cannot found: undefined
Room cannot found: undefined
Room cannot found: undefined
Room cannot found: undefined
Room cannot found: undefined
Room cannot found: undefined
Room cannot found: undefined
Room cannot found: undefined
Room cannot found: undefined
Room cannot found: undefined
Room cannot found: undefined
Room cannot found: undefined
Room cannot found: undefined
Room cannot found: undefined
Room cannot found: undefined
Room cannot found: undefined
Room cannot found: undefined
Room cannot found: undefined
Room cannot found: undefined
Room cannot found: undefined
Room cannot found: undefined
Room cannot found: undefined
Room cannot found: undefined
Room cannot found: undefined
Room cannot found: undefined
Room cannot found: undefined
Room cannot found: undefined
Room cannot found: undefined
Room cannot found: undefined
Room cannot found: undefined
Room cannot found: undefined
Room cannot found: undefined
Room cannot found: undefined
Room cannot found: undefined
Room cannot found: undefined
Room cannot found: undefined
Room cannot found: undefined
Room cannot found: undefined
Room cannot found: undefined
Room cannot found: undefined
Room cannot found: undefined
Room cannot found: undefined
Room cannot found: undefined
Room cannot found: undefined
Room cannot found: undefined
Room cannot found: undefined
Room cannot found: undefined
Room cannot found: undefined
Room cannot found: undefined
Room cannot found: undefined
Room cannot found: undefined
Room cannot found: undefined
Room cannot found: undefined
Room cannot found: undefined
Room cannot found: undefined
Room cannot found: undefined
Room cannot found: undefined
Room cannot found: undefined
Room cannot found: undefined
Room cannot found: undefined
Room cannot found: undefined
Room cannot found: undefined
Room cannot found: undefined
Room cannot found: undefined
Room cannot found: undefined
Room cannot found: undefined
Room cannot found: undefined
Room cannot found: undefined
Room cannot found: undefined
Room cannot found: undefined
Room cannot found: undefined
Room cannot found: undefined
Room cannot found: undefined
Room cannot found: undefined
Room cannot found: undefined
Room cannot found: undefined
Room cannot found: undefined
Room cannot found: undefined
Room cannot found: undefined
Room cannot found: undefined
Room cannot found: undefined
Room cannot found: undefined
Room cannot found: undefined
Room cannot found: undefined
Room cannot found: undefined
Room cannot found: undefined
Room cannot found: undefined
Room cannot found: undefined
Room cannot found: undefined
Room cannot found: undefined
Room cannot found: undefined
Room cannot found: undefined
Room cannot found: undefined
Room cannot found: undefined
Room cannot found: undefined
Room cannot found: undefined
Room cannot found: undefined
Room cannot found: undefined
Room cannot found: undefined
Room cannot found: undefined
Room cannot found: undefined
Room cannot found: undefined
Room cannot found: undefined
Room cannot found: undefined
Room cannot found: undefined
Room cannot found: undefined
Room cannot found: undefined
Room cannot found: undefined
Room cannot found: undefined
Room cannot found: undefined
Room cannot found: undefined
Room cannot found: undefined
Room cannot found: undefined
Room cannot found: undefined
Room cannot found: undefined
Room cannot found: undefined
Room cannot found: undefined
Room cannot found: undefined
Room cannot found: undefined
Room cannot found: undefined
Room cannot found: undefined
Room cannot found: undefined
Room cannot found: undefined
Room cannot found: undefined
Room cannot found: undefined
Room cannot found: undefined
Room cannot found: undefined
Room cannot found: undefined
Room cannot found: undefined
Room cannot found: undefined
Room cannot found: undefined
Room cannot found: undefined
Room cannot found: undefined
Room cannot found: undefined
Room cannot found: undefined
Room cannot found: undefined
Room cannot found: undefined
Room cannot found: undefined
Room cannot found: undefined
Room cannot found: undefined
Room cannot found: undefined
Room cannot found: undefined
Room cannot found: undefined
Room cannot found: undefined
Room cannot found: undefined
Room cannot found: undefined
Room cannot found: undefined
Room cannot found: undefined
Room cannot found: undefined
Room cannot found: undefined
Room cannot found: undefined
Room cannot found: undefined
Room cannot found: undefined
Room cannot found: undefined
Room cannot found: undefined
Room cannot found: undefined
Room cannot found: undefined
Room cannot found: undefined
Room cannot found: undefined
Room cannot found: undefined
Room cannot found: undefined
Room cannot found: undefined
Room cannot found: undefined
Room cannot found: undefined
Room cannot found: undefined
Room cannot found: undefined
Room cannot found: undefined
Room cannot found: undefined
Room cannot found: undefined
Room cannot found: undefined
Room cannot found: undefined
Room cannot found: undefined
Room cannot found: undefined
Room cannot found: undefined
Room cannot found: undefined
Room cannot found: undefined
Room cannot found: undefined
Room cannot found: undefined
Room cannot found: undefined
Room cannot found: undefined
Room cannot found: undefined
Room cannot found: undefined
Room cannot found: undefined
Room cannot found: undefined
Room cannot found: undefined
Room cannot found: undefined
Room cannot found: undefined
Room cannot found: undefined
Room cannot found: undefined
Room cannot found: undefined
Room cannot found: undefined
Room cannot found: undefined
Room cannot found: undefined
Room cannot found: undefined
Room cannot found: undefined
Room cannot found: undefined
Room cannot found: undefined
Room cannot found: undefined
Room cannot found: undefined
Room cannot found: undefined
Room cannot found: undefined
Room cannot found: undefined
Room cannot found: undefined
Room cannot found: undefined
Room cannot found: undefined
Room cannot found: undefined
server up and running at 2053 port
Room cannot found: undefined
Room cannot found: undefined
Room cannot found: undefined
Room cannot found: undefined
Room cannot found: undefined
Room cannot found: undefined
Room cannot found: undefined
Room cannot found: undefined
Room cannot found: undefined
Room cannot found: undefined
Room cannot found: undefined
Room cannot found: undefined
Room cannot found: undefined
Room cannot found: undefined
server up and running at 2053 port
Room cannot found: undefined
Room cannot found: undefined
Room cannot found: undefined
Room cannot found: undefined
Room cannot found: undefined
Room cannot found: undefined
Room cannot found: undefined
Room cannot found: undefined
Room cannot found: undefined
Room cannot found: undefined
Room cannot found: undefined
Room cannot found: undefined
Room cannot found: undefined
Room cannot found: undefined
Room cannot found: undefined
Room cannot found: undefined
Room cannot found: undefined
Room cannot found: undefined
Room cannot found: undefined
Room cannot found: undefined
Room cannot found: undefined
Room cannot found: undefined
Room cannot found: undefined
Room cannot found: undefined
Room cannot found: undefined
Room cannot found: undefined
Room cannot found: undefined
Room cannot found: undefined
Room cannot found: undefined
Room cannot found: undefined
Room cannot found: undefined
Room cannot found: undefined
Room cannot found: undefined
Room cannot found: undefined
Room cannot found: undefined
Room cannot found: undefined
Room cannot found: undefined
Room cannot found: undefined
Room cannot found: undefined
Room cannot found: undefined
Room cannot found: undefined
Room cannot found: undefined
Room cannot found: undefined
Room cannot found: undefined
Room cannot found: undefined
Room cannot found: undefined
Room cannot found: undefined
Room cannot found: undefined
Room cannot found: undefined
Room cannot found: undefined
Room cannot found: undefined
Room cannot found: undefined
Room cannot found: undefined
Room cannot found: undefined
Room cannot found: undefined
Room cannot found: undefined
Room cannot found: undefined
Room cannot found: undefined
Room cannot found: undefined
Room cannot found: undefined
Room cannot found: undefined
Room cannot found: undefined
Room cannot found: undefined
Room cannot found: undefined
Room cannot found: undefined
Room cannot found: undefined
Room cannot found: undefined
Room cannot found: undefined
Room cannot found: undefined
Room cannot found: undefined
Room cannot found: undefined
Room cannot found: undefined
Room cannot found: undefined
Room cannot found: undefined
Room cannot found: undefined
Room cannot found: undefined
Room cannot found: undefined
Room cannot found: undefined
Room cannot found: undefined
Room cannot found: undefined
Room cannot found: undefined
Room cannot found: undefined
Room cannot found: undefined
Room cannot found: undefined
Room cannot found: undefined
Room cannot found: undefined
Room cannot found: undefined
Room cannot found: undefined
Room cannot found: undefined
Room cannot found: undefined
Room cannot found: undefined
server up and running at 2053 port
Room cannot found: undefined
events.js:141
      throw er; // Unhandled 'error' event
      ^

Error: listen EADDRINUSE :::2053
    at Object.exports._errnoException (util.js:870:11)
    at exports._exceptionWithHostPort (util.js:893:20)
    at Server._listen2 (net.js:1237:14)
    at listen (net.js:1273:10)
    at Server.listen (net.js:1369:5)
    at Object.<anonymous> (/home/freegames66/domain/dinosaurgame.io/Socket/dino_socket.js:205:8)
    at Module._compile (module.js:410:26)
    at Object.Module._extensions..js (module.js:417:10)
    at Module.load (module.js:344:32)
    at Function.Module._load (module.js:301:12)
server up and running at 2053 port
Room cannot found: undefined
Room cannot found: undefined
server up and running at 2053 port
Room cannot found: undefined
Room cannot found: undefined
Room cannot found: undefined
Room cannot found: undefined
Room cannot found: undefined
Room cannot found: undefined
Room cannot found: undefined
Room cannot found: undefined
Room cannot found: undefined
Room cannot found: undefined
Room cannot found: undefined
Room cannot found: undefined
Room cannot found: undefined
Room cannot found: undefined
server up and running at 2053 port
Room cannot found: undefined
Room cannot found: undefined
server up and running at 2053 port
Room cannot found: undefined
[PM2] Starting /home/freegames66/domain/dinosaurgame.io/Socket/dino_socket.js in fork_mode (1 instance)
[PM2] Done.
┌─────────────┬────┬─────────┬──────┬──────┬────────┬─────────┬────────┬─────┬───────────┬─────────────┬──────────┐
│ App name    │ id │ version │ mode │ pid  │ status │ restart │ uptime │ cpu │ mem       │ user        │ watching │
├─────────────┼────┼─────────┼──────┼──────┼────────┼─────────┼────────┼─────┼───────────┼─────────────┼──────────┤
│ dino_socket │ 0  │ 1.0.0   │ fork │ 4862 │ online │ 0       │ 0s     │ 0%  │ 13.4 MB   │ freegames66 │ disabled │
└─────────────┴────┴─────────┴──────┴──────┴────────┴─────────┴────────┴─────┴───────────┴─────────────┴──────────┘
 Use `pm2 show <id|name>` to get more details about an app
